# JRE version: Java(TM) SE Runtime Environment (8.0_241-b07) (build 1.8.0_241-b07)
# Java VM: Java HotSpot(TM) 64-Bit Server VM (25.241-b07 mixed mode windows-amd64 compressed oops)
Heap:
 PSYoungGen      total 34304K, used 19392K [0x00000000eba00000, 0x00000000ede00000, 0x0000000100000000)
  eden space 31744K, 53% used [0x00000000eba00000,0x00000000eca72230,0x00000000ed900000)
  from space 2560K, 99% used [0x00000000edb80000,0x00000000eddfde88,0x00000000ede00000)
  to   space 2560K, 0% used [0x00000000ed900000,0x00000000ed900000,0x00000000edb80000)
 ParOldGen       total 42496K, used 1670K [0x00000000c2e00000, 0x00000000c5780000, 0x00000000eba00000)
  object space 42496K, 3% used [0x00000000c2e00000,0x00000000c2fa19e0,0x00000000c5780000)
 Metaspace       used 9501K, capacity 9808K, committed 9856K, reserved 1058816K
  class space    used 1039K, capacity 1141K, committed 1152K, reserved 1048576K
GC Heap History (8 events):
Event: 2.283 GC heap before
{Heap before GC invocations=1 (full 0):
 PSYoungGen      total 18432K, used 15872K [0x00000000eba00000, 0x00000000ece80000, 0x0000000100000000)
  eden space 15872K, 100% used [0x00000000eba00000,0x00000000ec980000,0x00000000ec980000)
  from space 2560K, 0% used [0x00000000ecc00000,0x00000000ecc00000,0x00000000ece80000)
  to   space 2560K, 0% used [0x00000000ec980000,0x00000000ec980000,0x00000000ecc00000)
 ParOldGen       total 42496K, used 0K [0x00000000c2e00000, 0x00000000c5780000, 0x00000000eba00000)
  object space 42496K, 0% used [0x00000000c2e00000,0x00000000c2e00000,0x00000000c5780000)
 Metaspace       used 6178K, capacity 6274K, committed 6400K, reserved 1056768K
  class space    used 644K, capacity 689K, committed 768K, reserved 1048576K
Event: 2.288 GC heap after
Heap after GC invocations=1 (full 0):
 PSYoungGen      total 18432K, used 2521K [0x00000000eba00000, 0x00000000ece80000, 0x0000000100000000)
  eden space 15872K, 0% used [0x00000000eba00000,0x00000000eba00000,0x00000000ec980000)
  from space 2560K, 98% used [0x00000000ec980000,0x00000000ecbf6670,0x00000000ecc00000)
  to   space 2560K, 0% used [0x00000000ecc00000,0x00000000ecc00000,0x00000000ece80000)
 ParOldGen       total 42496K, used 8K [0x00000000c2e00000, 0x00000000c5780000, 0x00000000eba00000)
  object space 42496K, 0% used [0x00000000c2e00000,0x00000000c2e02000,0x00000000c5780000)
 Metaspace       used 6178K, capacity 6274K, committed 6400K, reserved 1056768K
  class space    used 644K, capacity 689K, committed 768K, reserved 1048576K
}
Event: 2.867 GC heap before
{Heap before GC invocations=2 (full 0):
 PSYoungGen      total 18432K, used 18393K [0x00000000eba00000, 0x00000000ece80000, 0x0000000100000000)
  eden space 15872K, 100% used [0x00000000eba00000,0x00000000ec980000,0x00000000ec980000)
  from space 2560K, 98% used [0x00000000ec980000,0x00000000ecbf6670,0x00000000ecc00000)
  to   space 2560K, 0% used [0x00000000ecc00000,0x00000000ecc00000,0x00000000ece80000)
 ParOldGen       total 42496K, used 8K [0x00000000c2e00000, 0x00000000c5780000, 0x00000000eba00000)
  object space 42496K, 0% used [0x00000000c2e00000,0x00000000c2e02000,0x00000000c5780000)
 Metaspace       used 8729K, capacity 8920K, committed 8960K, reserved 1056768K
  class space    used 927K, capacity 996K, committed 1024K, reserved 1048576K
Event: 2.874 GC heap after
Heap after GC invocations=2 (full 0):
 PSYoungGen      total 18432K, used 2528K [0x00000000eba00000, 0x00000000ece80000, 0x0000000100000000)
  eden space 15872K, 0% used [0x00000000eba00000,0x00000000eba00000,0x00000000ec980000)
  from space 2560K, 98% used [0x00000000ecc00000,0x00000000ece780d8,0x00000000ece80000)
  to   space 2560K, 0% used [0x00000000ec980000,0x00000000ec980000,0x00000000ecc00000)
 ParOldGen       total 42496K, used 663K [0x00000000c2e00000, 0x00000000c5780000, 0x00000000eba00000)
  object space 42496K, 1% used [0x00000000c2e00000,0x00000000c2ea5c48,0x00000000c5780000)
 Metaspace       used 8729K, capacity 8920K, committed 8960K, reserved 1056768K
  class space    used 927K, capacity 996K, committed 1024K, reserved 1048576K
}
Event: 3.138 GC heap before
{Heap before GC invocations=3 (full 0):
 PSYoungGen      total 18432K, used 18388K [0x00000000eba00000, 0x00000000ece80000, 0x0000000100000000)
  eden space 15872K, 99% used [0x00000000eba00000,0x00000000ec97d2c8,0x00000000ec980000)
  from space 2560K, 98% used [0x00000000ecc00000,0x00000000ece780d8,0x00000000ece80000)
  to   space 2560K, 0% used [0x00000000ec980000,0x00000000ec980000,0x00000000ecc00000)
 ParOldGen       total 42496K, used 663K [0x00000000c2e00000, 0x00000000c5780000, 0x00000000eba00000)
  object space 42496K, 1% used [0x00000000c2e00000,0x00000000c2ea5c48,0x00000000c5780000)
 Metaspace       used 9152K, capacity 9400K, committed 9600K, reserved 1058816K
  class space    used 983K, capacity 1028K, committed 1152K, reserved 1048576K
Event: 3.157 GC heap after
Heap after GC invocations=3 (full 0):
 PSYoungGen      total 18432K, used 2551K [0x00000000eba00000, 0x00000000ede00000, 0x0000000100000000)
  eden space 15872K, 0% used [0x00000000eba00000,0x00000000eba00000,0x00000000ec980000)
  from space 2560K, 99% used [0x00000000ec980000,0x00000000ecbfdc78,0x00000000ecc00000)
  to   space 2560K, 0% used [0x00000000edb80000,0x00000000edb80000,0x00000000ede00000)
 ParOldGen       total 42496K, used 1638K [0x00000000c2e00000, 0x00000000c5780000, 0x00000000eba00000)
  object space 42496K, 3% used [0x00000000c2e00000,0x00000000c2f999e0,0x00000000c5780000)
 Metaspace       used 9152K, capacity 9400K, committed 9600K, reserved 1058816K
  class space    used 983K, capacity 1028K, committed 1152K, reserved 1048576K
}
Event: 3.184 GC heap before
{Heap before GC invocations=4 (full 0):
 PSYoungGen      total 18432K, used 18392K [0x00000000eba00000, 0x00000000ede00000, 0x0000000100000000)
  eden space 15872K, 99% used [0x00000000eba00000,0x00000000ec978738,0x00000000ec980000)
  from space 2560K, 99% used [0x00000000ec980000,0x00000000ecbfdc78,0x00000000ecc00000)
  to   space 2560K, 0% used [0x00000000edb80000,0x00000000edb80000,0x00000000ede00000)
 ParOldGen       total 42496K, used 1638K [0x00000000c2e00000, 0x00000000c5780000, 0x00000000eba00000)
  object space 42496K, 3% used [0x00000000c2e00000,0x00000000c2f999e0,0x00000000c5780000)
 Metaspace       used 9152K, capacity 9400K, committed 9600K, reserved 1058816K
  class space    used 983K, capacity 1028K, committed 1152K, reserved 1048576K
Event: 3.198 GC heap after
Heap after GC invocations=4 (full 0):
 PSYoungGen      total 34304K, used 2551K [0x00000000eba00000, 0x00000000ede00000, 0x0000000100000000)
  eden space 31744K, 0% used [0x00000000eba00000,0x00000000eba00000,0x00000000ed900000)
  from space 2560K, 99% used [0x00000000edb80000,0x00000000eddfde88,0x00000000ede00000)
  to   space 2560K, 0% used [0x00000000ed900000,0x00000000ed900000,0x00000000edb80000)
 ParOldGen       total 42496K, used 1670K [0x00000000c2e00000, 0x00000000c5780000, 0x00000000eba00000)
  object space 42496K, 3% used [0x00000000c2e00000,0x00000000c2fa19e0,0x00000000c5780000)
 Metaspace       used 9152K, capacity 9400K, committed 9600K, reserved 1058816K
  class space    used 983K, capacity 1028K, committed 1152K, reserved 1048576K
}

