# JRE version: Java(TM) SE Runtime Environment (8.0_241-b07) (build 1.8.0_241-b07)
# Java VM: Java HotSpot(TM) 64-Bit Server VM (25.241-b07 mixed mode windows-amd64 compressed oops)
Heap:
 PSYoungGen      total 68096K, used 9679K [0x00000000eba00000, 0x00000000f2600000, 0x0000000100000000)
  eden space 62976K, 7% used [0x00000000eba00000,0x00000000ebed4258,0x00000000ef780000)
  from space 5120K, 92% used [0x00000000ef780000,0x00000000efc1fbc0,0x00000000efc80000)
  to   space 7168K, 0% used [0x00000000f1f00000,0x00000000f1f00000,0x00000000f2600000)
 ParOldGen       total 28160K, used 7351K [0x00000000c2e00000, 0x00000000c4980000, 0x00000000eba00000)
  object space 28160K, 26% used [0x00000000c2e00000,0x00000000c352de20,0x00000000c4980000)
 Metaspace       used 25677K, capacity 26348K, committed 26496K, reserved 1073152K
  class space    used 3228K, capacity 3403K, committed 3456K, reserved 1048576K
GC Heap History (10 events):
Event: 6.222 GC heap before
{Heap before GC invocations=6 (full 0):
 PSYoungGen      total 34304K, used 34296K [0x00000000eba00000, 0x00000000f0100000, 0x0000000100000000)
  eden space 31744K, 100% used [0x00000000eba00000,0x00000000ed900000,0x00000000ed900000)
  from space 2560K, 99% used [0x00000000ed900000,0x00000000edb7e0f0,0x00000000edb80000)
  to   space 4608K, 0% used [0x00000000efc80000,0x00000000efc80000,0x00000000f0100000)
 ParOldGen       total 42496K, used 3474K [0x00000000c2e00000, 0x00000000c5780000, 0x00000000eba00000)
  object space 42496K, 8% used [0x00000000c2e00000,0x00000000c31649f0,0x00000000c5780000)
 Metaspace       used 13545K, capacity 13990K, committed 14080K, reserved 1060864K
  class space    used 1573K, capacity 1732K, committed 1792K, reserved 1048576K
Event: 6.239 GC heap after
Heap after GC invocations=6 (full 0):
 PSYoungGen      total 67584K, used 4437K [0x00000000eba00000, 0x00000000f0200000, 0x0000000100000000)
  eden space 62976K, 0% used [0x00000000eba00000,0x00000000eba00000,0x00000000ef780000)
  from space 4608K, 96% used [0x00000000efc80000,0x00000000f00d5690,0x00000000f0100000)
  to   space 5120K, 0% used [0x00000000ef780000,0x00000000ef780000,0x00000000efc80000)
 ParOldGen       total 42496K, used 3482K [0x00000000c2e00000, 0x00000000c5780000, 0x00000000eba00000)
  object space 42496K, 8% used [0x00000000c2e00000,0x00000000c31669f0,0x00000000c5780000)
 Metaspace       used 13545K, capacity 13990K, committed 14080K, reserved 1060864K
  class space    used 1573K, capacity 1732K, committed 1792K, reserved 1048576K
}
Event: 7.838 GC heap before
{Heap before GC invocations=7 (full 0):
 PSYoungGen      total 67584K, used 67413K [0x00000000eba00000, 0x00000000f0200000, 0x0000000100000000)
  eden space 62976K, 100% used [0x00000000eba00000,0x00000000ef780000,0x00000000ef780000)
  from space 4608K, 96% used [0x00000000efc80000,0x00000000f00d5690,0x00000000f0100000)
  to   space 5120K, 0% used [0x00000000ef780000,0x00000000ef780000,0x00000000efc80000)
 ParOldGen       total 42496K, used 3482K [0x00000000c2e00000, 0x00000000c5780000, 0x00000000eba00000)
  object space 42496K, 8% used [0x00000000c2e00000,0x00000000c31669f0,0x00000000c5780000)
 Metaspace       used 18500K, capacity 18996K, committed 19200K, reserved 1067008K
  class space    used 2330K, capacity 2451K, committed 2560K, reserved 1048576K
Event: 7.912 GC heap after
Heap after GC invocations=7 (full 0):
 PSYoungGen      total 68096K, used 5099K [0x00000000eba00000, 0x00000000f0200000, 0x0000000100000000)
  eden space 62976K, 0% used [0x00000000eba00000,0x00000000eba00000,0x00000000ef780000)
  from space 5120K, 99% used [0x00000000ef780000,0x00000000efc7adc8,0x00000000efc80000)
  to   space 4608K, 0% used [0x00000000efc80000,0x00000000efc80000,0x00000000f0100000)
 ParOldGen       total 42496K, used 5912K [0x00000000c2e00000, 0x00000000c5780000, 0x00000000eba00000)
  object space 42496K, 13% used [0x00000000c2e00000,0x00000000c33c6150,0x00000000c5780000)
 Metaspace       used 18500K, capacity 18996K, committed 19200K, reserved 1067008K
  class space    used 2330K, capacity 2451K, committed 2560K, reserved 1048576K
}
Event: 8.678 GC heap before
{Heap before GC invocations=8 (full 0):
 PSYoungGen      total 68096K, used 39744K [0x00000000eba00000, 0x00000000f0200000, 0x0000000100000000)
  eden space 62976K, 55% used [0x00000000eba00000,0x00000000edbd52b0,0x00000000ef780000)
  from space 5120K, 99% used [0x00000000ef780000,0x00000000efc7adc8,0x00000000efc80000)
  to   space 4608K, 0% used [0x00000000efc80000,0x00000000efc80000,0x00000000f0100000)
 ParOldGen       total 42496K, used 5912K [0x00000000c2e00000, 0x00000000c5780000, 0x00000000eba00000)
  object space 42496K, 13% used [0x00000000c2e00000,0x00000000c33c6150,0x00000000c5780000)
 Metaspace       used 20599K, capacity 21118K, committed 21296K, reserved 1069056K
  class space    used 2542K, capacity 2686K, committed 2688K, reserved 1048576K
Event: 8.707 GC heap after
Heap after GC invocations=8 (full 0):
 PSYoungGen      total 67584K, used 4582K [0x00000000eba00000, 0x00000000f0200000, 0x0000000100000000)
  eden space 62976K, 0% used [0x00000000eba00000,0x00000000eba00000,0x00000000ef780000)
  from space 4608K, 99% used [0x00000000efc80000,0x00000000f00f9860,0x00000000f0100000)
  to   space 5120K, 0% used [0x00000000ef780000,0x00000000ef780000,0x00000000efc80000)
 ParOldGen       total 42496K, used 6528K [0x00000000c2e00000, 0x00000000c5780000, 0x00000000eba00000)
  object space 42496K, 15% used [0x00000000c2e00000,0x00000000c3460060,0x00000000c5780000)
 Metaspace       used 20599K, capacity 21118K, committed 21296K, reserved 1069056K
  class space    used 2542K, capacity 2686K, committed 2688K, reserved 1048576K
}
Event: 8.707 GC heap before
{Heap before GC invocations=9 (full 1):
 PSYoungGen      total 67584K, used 4582K [0x00000000eba00000, 0x00000000f0200000, 0x0000000100000000)
  eden space 62976K, 0% used [0x00000000eba00000,0x00000000eba00000,0x00000000ef780000)
  from space 4608K, 99% used [0x00000000efc80000,0x00000000f00f9860,0x00000000f0100000)
  to   space 5120K, 0% used [0x00000000ef780000,0x00000000ef780000,0x00000000efc80000)
 ParOldGen       total 42496K, used 6528K [0x00000000c2e00000, 0x00000000c5780000, 0x00000000eba00000)
  object space 42496K, 15% used [0x00000000c2e00000,0x00000000c3460060,0x00000000c5780000)
 Metaspace       used 20599K, capacity 21118K, committed 21296K, reserved 1069056K
  class space    used 2542K, capacity 2686K, committed 2688K, reserved 1048576K
Event: 8.807 GC heap after
Heap after GC invocations=9 (full 1):
 PSYoungGen      total 67584K, used 0K [0x00000000eba00000, 0x00000000f0200000, 0x0000000100000000)
  eden space 62976K, 0% used [0x00000000eba00000,0x00000000eba00000,0x00000000ef780000)
  from space 4608K, 0% used [0x00000000efc80000,0x00000000efc80000,0x00000000f0100000)
  to   space 5120K, 0% used [0x00000000ef780000,0x00000000ef780000,0x00000000efc80000)
 ParOldGen       total 28160K, used 7343K [0x00000000c2e00000, 0x00000000c4980000, 0x00000000eba00000)
  object space 28160K, 26% used [0x00000000c2e00000,0x00000000c352be20,0x00000000c4980000)
 Metaspace       used 20599K, capacity 21118K, committed 21296K, reserved 1069056K
  class space    used 2542K, capacity 2686K, committed 2688K, reserved 1048576K
}
Event: 10.878 GC heap before
{Heap before GC invocations=10 (full 1):
 PSYoungGen      total 67584K, used 62976K [0x00000000eba00000, 0x00000000f0200000, 0x0000000100000000)
  eden space 62976K, 100% used [0x00000000eba00000,0x00000000ef780000,0x00000000ef780000)
  from space 4608K, 0% used [0x00000000efc80000,0x00000000efc80000,0x00000000f0100000)
  to   space 5120K, 0% used [0x00000000ef780000,0x00000000ef780000,0x00000000efc80000)
 ParOldGen       total 28160K, used 7343K [0x00000000c2e00000, 0x00000000c4980000, 0x00000000eba00000)
  object space 28160K, 26% used [0x00000000c2e00000,0x00000000c352be20,0x00000000c4980000)
 Metaspace       used 24751K, capacity 25382K, committed 25600K, reserved 1071104K
  class space    used 3105K, capacity 3274K, committed 3328K, reserved 1048576K
Event: 10.886 GC heap after
Heap after GC invocations=10 (full 1):
 PSYoungGen      total 68096K, used 4734K [0x00000000eba00000, 0x00000000f2600000, 0x0000000100000000)
  eden space 62976K, 0% used [0x00000000eba00000,0x00000000eba00000,0x00000000ef780000)
  from space 5120K, 92% used [0x00000000ef780000,0x00000000efc1fbc0,0x00000000efc80000)
  to   space 7168K, 0% used [0x00000000f1f00000,0x00000000f1f00000,0x00000000f2600000)
 ParOldGen       total 28160K, used 7351K [0x00000000c2e00000, 0x00000000c4980000, 0x00000000eba00000)
  object space 28160K, 26% used [0x00000000c2e00000,0x00000000c352de20,0x00000000c4980000)
 Metaspace       used 24751K, capacity 25382K, committed 25600K, reserved 1071104K
  class space    used 3105K, capacity 3274K, committed 3328K, reserved 1048576K
}

